{"/Users/sophiebrown/Projects/Week-10/bank-tech-test-js/src/bankAccount.js": {"path":"/Users/sophiebrown/Projects/Week-10/bank-tech-test-js/src/bankAccount.js","statementMap":{"0":{"start":{"line":1,"column":19},"end":{"line":1,"column":60}},"1":{"start":{"line":2,"column":18},"end":{"line":2,"column":34}},"2":{"start":{"line":4,"column":17},"end":{"line":4,"column":52}},"3":{"start":{"line":5,"column":16},"end":{"line":5,"column":30}},"4":{"start":{"line":7,"column":16},"end":{"line":7,"column":58}},"5":{"start":{"line":8,"column":14},"end":{"line":8,"column":27}},"6":{"start":{"line":14,"column":4},"end":{"line":14,"column":38}},"7":{"start":{"line":15,"column":4},"end":{"line":15,"column":38}},"8":{"start":{"line":19,"column":4},"end":{"line":19,"column":39}},"9":{"start":{"line":20,"column":4},"end":{"line":20,"column":39}},"10":{"start":{"line":25,"column":4},"end":{"line":25,"column":30}},"11":{"start":{"line":29,"column":4},"end":{"line":29,"column":55}},"12":{"start":{"line":35,"column":0},"end":{"line":35,"column":41}}},"fnMap":{"0":{"name":"(anonymous_0)","decl":{"start":{"line":13,"column":2},"end":{"line":13,"column":3}},"loc":{"start":{"line":13,"column":18},"end":{"line":16,"column":3}},"line":13},"1":{"name":"(anonymous_1)","decl":{"start":{"line":18,"column":2},"end":{"line":18,"column":3}},"loc":{"start":{"line":18,"column":19},"end":{"line":22,"column":3}},"line":18},"2":{"name":"(anonymous_2)","decl":{"start":{"line":24,"column":2},"end":{"line":24,"column":3}},"loc":{"start":{"line":24,"column":12},"end":{"line":26,"column":3}},"line":24},"3":{"name":"(anonymous_3)","decl":{"start":{"line":28,"column":2},"end":{"line":28,"column":3}},"loc":{"start":{"line":28,"column":18},"end":{"line":31,"column":3}},"line":28}},"branchMap":{},"s":{"0":1,"1":1,"2":1,"3":1,"4":1,"5":1,"6":1,"7":1,"8":1,"9":1,"10":1,"11":1,"12":1},"f":{"0":1,"1":1,"2":1,"3":1},"b":{},"_coverageSchema":"1a1c01bbd47fc00a2c39e90264f33305004495a9","hash":"2a2dc743451ac60f0348df59bcb8c2f3cd0298b6"}
,"/Users/sophiebrown/Projects/Week-10/bank-tech-test-js/src/statement.js": {"path":"/Users/sophiebrown/Projects/Week-10/bank-tech-test-js/src/statement.js","statementMap":{"0":{"start":{"line":3,"column":4},"end":{"line":3,"column":56}},"1":{"start":{"line":7,"column":4},"end":{"line":7,"column":32}},"2":{"start":{"line":8,"column":19},"end":{"line":8,"column":21}},"3":{"start":{"line":9,"column":4},"end":{"line":15,"column":5}},"4":{"start":{"line":9,"column":21},"end":{"line":9,"column":22}},"5":{"start":{"line":10,"column":23},"end":{"line":10,"column":48}},"6":{"start":{"line":11,"column":19},"end":{"line":11,"column":42}},"7":{"start":{"line":12,"column":28},"end":{"line":12,"column":63}},"8":{"start":{"line":13,"column":6},"end":{"line":13,"column":33}},"9":{"start":{"line":14,"column":18},"end":{"line":14,"column":35}},"10":{"start":{"line":16,"column":6},"end":{"line":16,"column":34}},"11":{"start":{"line":20,"column":0},"end":{"line":20,"column":37}}},"fnMap":{"0":{"name":"(anonymous_0)","decl":{"start":{"line":2,"column":2},"end":{"line":2,"column":3}},"loc":{"start":{"line":2,"column":10},"end":{"line":4,"column":3}},"line":2},"1":{"name":"(anonymous_1)","decl":{"start":{"line":6,"column":2},"end":{"line":6,"column":3}},"loc":{"start":{"line":6,"column":28},"end":{"line":17,"column":5}},"line":6}},"branchMap":{},"s":{"0":4,"1":3,"2":3,"3":3,"4":3,"5":5,"6":5,"7":5,"8":5,"9":5,"10":3,"11":2},"f":{"0":4,"1":3},"b":{},"_coverageSchema":"1a1c01bbd47fc00a2c39e90264f33305004495a9","hash":"f624a95d4d15b9a64e372003deda7ae579726141"}
,"/Users/sophiebrown/Projects/Week-10/bank-tech-test-js/src/transactionHistory.js": {"path":"/Users/sophiebrown/Projects/Week-10/bank-tech-test-js/src/transactionHistory.js","statementMap":{"0":{"start":{"line":3,"column":4},"end":{"line":3,"column":32}},"1":{"start":{"line":7,"column":22},"end":{"line":12,"column":5}},"2":{"start":{"line":13,"column":4},"end":{"line":13,"column":45}},"3":{"start":{"line":17,"column":22},"end":{"line":22,"column":5}},"4":{"start":{"line":23,"column":4},"end":{"line":23,"column":45}},"5":{"start":{"line":27,"column":0},"end":{"line":27,"column":44}}},"fnMap":{"0":{"name":"(anonymous_0)","decl":{"start":{"line":2,"column":2},"end":{"line":2,"column":3}},"loc":{"start":{"line":2,"column":15},"end":{"line":4,"column":3}},"line":2},"1":{"name":"(anonymous_1)","decl":{"start":{"line":6,"column":2},"end":{"line":6,"column":3}},"loc":{"start":{"line":6,"column":28},"end":{"line":14,"column":3}},"line":6},"2":{"name":"(anonymous_2)","decl":{"start":{"line":16,"column":2},"end":{"line":16,"column":3}},"loc":{"start":{"line":16,"column":29},"end":{"line":24,"column":3}},"line":16}},"branchMap":{},"s":{"0":2,"1":3,"2":3,"3":2,"4":2,"5":2},"f":{"0":2,"1":3,"2":2},"b":{},"_coverageSchema":"1a1c01bbd47fc00a2c39e90264f33305004495a9","hash":"269871801d069b04e8654950f85a4a0120df15f3"}
,"/Users/sophiebrown/Projects/Week-10/bank-tech-test-js/src/transactions.js": {"path":"/Users/sophiebrown/Projects/Week-10/bank-tech-test-js/src/transactions.js","statementMap":{"0":{"start":{"line":3,"column":4},"end":{"line":3,"column":20}},"1":{"start":{"line":7,"column":4},"end":{"line":7,"column":26}},"2":{"start":{"line":8,"column":4},"end":{"line":8,"column":42}},"3":{"start":{"line":12,"column":4},"end":{"line":12,"column":26}},"4":{"start":{"line":13,"column":4},"end":{"line":13,"column":42}},"5":{"start":{"line":18,"column":0},"end":{"line":18,"column":43}}},"fnMap":{"0":{"name":"(anonymous_0)","decl":{"start":{"line":2,"column":2},"end":{"line":2,"column":3}},"loc":{"start":{"line":2,"column":15},"end":{"line":4,"column":3}},"line":2},"1":{"name":"(anonymous_1)","decl":{"start":{"line":6,"column":2},"end":{"line":6,"column":3}},"loc":{"start":{"line":6,"column":18},"end":{"line":10,"column":3}},"line":6},"2":{"name":"(anonymous_2)","decl":{"start":{"line":11,"column":2},"end":{"line":11,"column":3}},"loc":{"start":{"line":11,"column":19},"end":{"line":14,"column":3}},"line":11}},"branchMap":{},"s":{"0":2,"1":3,"2":3,"3":2,"4":2,"5":2},"f":{"0":2,"1":3,"2":2},"b":{},"_coverageSchema":"1a1c01bbd47fc00a2c39e90264f33305004495a9","hash":"5d85b7286df11f3e639c5fd5342d9745a7dfcf2d"}
}
