TN:
SF:src/bankAccount.js
FN:13,(anonymous_0)
FN:18,(anonymous_1)
FN:24,(anonymous_2)
FN:28,(anonymous_3)
FNF:4
FNH:4
FNDA:1,(anonymous_0)
FNDA:1,(anonymous_1)
FNDA:3,(anonymous_2)
FNDA:1,(anonymous_3)
DA:1,1
DA:2,1
DA:4,1
DA:5,1
DA:7,1
DA:8,1
DA:14,1
DA:15,1
DA:19,1
DA:20,1
DA:25,3
DA:29,1
DA:35,1
LF:13
LH:13
BRF:0
BRH:0
end_of_record
TN:
SF:src/statement.js
FN:2,(anonymous_0)
FN:6,(anonymous_1)
FNF:2
FNH:2
FNDA:4,(anonymous_0)
FNDA:3,(anonymous_1)
DA:3,4
DA:7,3
DA:8,3
DA:9,3
DA:10,5
DA:11,5
DA:12,5
DA:13,5
DA:14,5
DA:16,3
DA:20,2
LF:11
LH:11
BRF:0
BRH:0
end_of_record
TN:
SF:src/transactionHistory.js
FN:4,(anonymous_0)
FN:8,(anonymous_1)
FN:19,(anonymous_2)
FNF:3
FNH:3
FNDA:4,(anonymous_0)
FNDA:3,(anonymous_1)
FNDA:2,(anonymous_2)
DA:5,4
DA:9,3
DA:15,3
DA:16,3
DA:20,2
DA:26,2
DA:27,2
DA:31,3
LF:8
LH:8
BRF:0
BRH:0
end_of_record
TN:
SF:src/transactions.js
FN:5,(anonymous_0)
FN:9,(anonymous_1)
FN:15,(anonymous_2)
FNF:3
FNH:3
FNDA:2,(anonymous_0)
FNDA:3,(anonymous_1)
FNDA:2,(anonymous_2)
DA:1,2
DA:2,2
DA:6,2
DA:10,3
DA:11,3
DA:12,3
DA:16,2
DA:17,2
DA:18,2
DA:23,2
LF:10
LH:10
BRF:0
BRH:0
end_of_record
